============================= test session starts ==============================
platform darwin -- Python 3.11.15, pytest-9.0.3, pluggy-1.6.0 -- /Users/dangnguyen/Documents/D24/Day24-Track02-Lab-Assignment/medviet-governance/.venv/bin/python3.11
cachedir: .pytest_cache
rootdir: /Users/dangnguyen/Documents/D24/Day24-Track02-Lab-Assignment/medviet-governance
plugins: Faker-40.15.0, anyio-4.13.0
collecting ... collected 6 items

tests/test_pii.py::TestPIIDetection::test_cccd_detected PASSED           [ 16%]
tests/test_pii.py::TestPIIDetection::test_phone_detected PASSED          [ 33%]
tests/test_pii.py::TestPIIDetection::test_email_detected PASSED          [ 50%]
tests/test_pii.py::TestPIIDetection::test_detection_rate_above_95_percent PASSED [ 66%]
tests/test_pii.py::TestAnonymization::test_pii_not_in_output PASSED      [ 83%]
tests/test_pii.py::TestAnonymization::test_non_pii_columns_unchanged PASSED [100%]

============================== 6 passed in 1.31s ===============================
